TN:
SF:src/modules/appointments/services/CreateAppointmentService.ts
FN:15,(anonymous_18)
FN:16,CreateAppointmentService
FN:21,(anonymous_20)
FNF:3
FNH:3
FNDA:1,(anonymous_18)
FNDA:2,CreateAppointmentService
FNDA:3,(anonymous_20)
DA:1,1
DA:2,1
DA:4,1
DA:15,1
DA:18,2
DA:21,3
DA:22,3
DA:24,3
DA:28,3
DA:29,1
DA:32,2
DA:37,2
DA:39,1
DA:41,1
LF:14
LH:14
BRDA:28,0,0,1
BRDA:28,0,1,2
BRF:2
BRH:2
end_of_record
TN:
SF:src/modules/users/services/AuthenticateUserService.ts
FN:20,(anonymous_18)
FN:21,AuthenticateUserService
FN:29,(anonymous_20)
FNF:3
FNH:3
FNDA:1,(anonymous_18)
FNDA:4,AuthenticateUserService
FNDA:4,(anonymous_20)
DA:1,1
DA:2,1
DA:3,1
DA:5,1
DA:20,1
DA:23,4
DA:26,4
DA:29,4
DA:30,4
DA:32,4
DA:33,1
DA:36,3
DA:41,3
DA:42,1
DA:45,2
DA:50,2
DA:55,1
LF:17
LH:17
BRDA:30,0,0,4
BRDA:32,1,0,1
BRDA:32,1,1,3
BRDA:41,2,0,1
BRDA:41,2,1,2
BRF:5
BRH:5
end_of_record
TN:
SF:src/modules/users/services/CreateUserService.ts
FN:13,(anonymous_18)
FN:14,CreateUserService
FN:22,(anonymous_20)
FNF:3
FNH:3
FNDA:2,(anonymous_18)
FNDA:5,CreateUserService
FNDA:6,(anonymous_20)
DA:1,2
DA:2,2
DA:13,2
DA:16,5
DA:19,5
DA:22,6
DA:23,6
DA:25,6
DA:26,1
DA:29,5
DA:31,5
DA:36,5
DA:38,2
DA:40,2
LF:14
LH:14
BRDA:23,0,0,6
BRDA:25,1,0,1
BRDA:25,1,1,5
BRF:3
BRH:3
end_of_record
TN:
SF:src/modules/users/services/SendForgotPasswordEmailService.ts
FN:12,(anonymous_17)
FN:13,SendForgotPasswordEmailService
FN:21,(anonymous_19)
FNF:3
FNH:3
FNDA:1,(anonymous_17)
FNDA:1,SendForgotPasswordEmailService
FNDA:1,(anonymous_19)
DA:2,1
DA:12,1
DA:15,1
DA:18,1
DA:21,1
DA:22,1
DA:27,1
DA:29,1
LF:8
LH:8
BRF:0
BRH:0
end_of_record
TN:
SF:src/modules/users/services/UpdateUserAvatarService.ts
FN:12,(anonymous_18)
FN:13,UpdateUserAvatarService
FN:18,(anonymous_20)
FNF:3
FNH:3
FNDA:1,(anonymous_18)
FNDA:3,UpdateUserAvatarService
FNDA:4,(anonymous_20)
DA:1,1
DA:2,1
DA:12,1
DA:14,3
DA:15,3
DA:18,4
DA:19,4
DA:21,4
DA:22,1
DA:25,5
DA:26,2
DA:29,3
DA:31,3
DA:32,6
DA:33,3
DA:35,1
LF:16
LH:16
BRDA:19,0,0,4
BRDA:19,0,1,3
BRDA:21,1,0,1
BRDA:21,1,1,3
BRDA:25,2,0,2
BRDA:25,2,1,1
BRF:6
BRH:6
end_of_record
