TN:
SF:src/modules/appointments/services/CreateAppointmentService.ts
FN:15,(anonymous_18)
FN:16,CreateAppointmentService
FN:21,(anonymous_20)
FNF:3
FNH:3
FNDA:1,(anonymous_18)
FNDA:2,CreateAppointmentService
FNDA:3,(anonymous_20)
DA:1,1
DA:2,1
DA:4,1
DA:15,1
DA:18,2
DA:21,3
DA:22,3
DA:24,3
DA:28,3
DA:29,1
DA:32,2
DA:37,2
DA:39,1
DA:41,1
LF:14
LH:14
BRDA:28,0,0,1
BRDA:28,0,1,2
BRF:2
BRH:2
end_of_record
TN:
SF:src/modules/users/services/AuthenticateUserService.ts
FN:20,(anonymous_18)
FN:21,AuthenticateUserService
FN:29,(anonymous_20)
FNF:3
FNH:3
FNDA:1,(anonymous_18)
FNDA:4,AuthenticateUserService
FNDA:4,(anonymous_20)
DA:1,1
DA:2,1
DA:3,1
DA:5,1
DA:20,1
DA:23,4
DA:26,4
DA:29,4
DA:30,4
DA:32,4
DA:33,1
DA:36,3
DA:41,3
DA:42,1
DA:45,2
DA:50,2
DA:55,1
LF:17
LH:17
BRDA:30,0,0,4
BRDA:32,1,0,1
BRDA:32,1,1,3
BRDA:41,2,0,1
BRDA:41,2,1,2
BRF:5
BRH:5
end_of_record
TN:
SF:src/modules/users/services/CreateUserService.ts
FN:13,(anonymous_18)
FN:14,CreateUserService
FN:22,(anonymous_20)
FNF:3
FNH:3
FNDA:2,(anonymous_18)
FNDA:6,CreateUserService
FNDA:6,(anonymous_20)
DA:1,2
DA:2,2
DA:13,2
DA:16,6
DA:19,6
DA:22,6
DA:23,6
DA:25,6
DA:26,1
DA:29,5
DA:31,5
DA:36,5
DA:38,2
DA:40,2
LF:14
LH:14
BRDA:23,0,0,6
BRDA:25,1,0,1
BRDA:25,1,1,5
BRF:3
BRH:3
end_of_record
TN:
SF:src/modules/users/services/ResetPasswordService.ts
FN:15,(anonymous_18)
FN:16,ResetPasswordService
FN:27,(anonymous_20)
FNF:3
FNH:3
FNDA:1,(anonymous_18)
FNDA:3,ResetPasswordService
FNDA:3,(anonymous_20)
DA:1,1
DA:2,1
DA:4,1
DA:15,1
DA:18,3
DA:21,3
DA:24,3
DA:27,3
DA:28,3
DA:29,3
DA:30,0
DA:33,3
DA:34,3
DA:35,1
DA:38,2
DA:39,2
DA:41,2
DA:42,1
DA:44,1
DA:46,2
DA:48,1
DA:50,1
LF:22
LH:21
BRDA:28,0,0,3
BRDA:29,1,0,0
BRDA:29,1,1,3
BRDA:34,2,0,1
BRDA:34,2,1,2
BRDA:41,3,0,1
BRDA:41,3,1,1
BRF:7
BRH:6
end_of_record
TN:
SF:src/modules/users/services/SendForgotPasswordEmailService.ts
FN:13,(anonymous_18)
FN:14,SendForgotPasswordEmailService
FN:25,(anonymous_20)
FNF:3
FNH:3
FNDA:1,(anonymous_18)
FNDA:3,SendForgotPasswordEmailService
FNDA:3,(anonymous_20)
DA:1,1
DA:2,1
DA:6,1
DA:13,1
DA:16,3
DA:19,3
DA:22,3
DA:25,3
DA:26,3
DA:28,3
DA:29,1
DA:32,2
DA:33,2
DA:39,4
DA:54,1
DA:56,1
LF:16
LH:16
BRDA:26,0,0,3
BRDA:28,1,0,1
BRDA:28,1,1,2
BRF:3
BRH:3
end_of_record
TN:
SF:src/modules/users/services/ShowProfileService.ts
FN:13,(anonymous_18)
FN:14,ShowProfileService
FN:18,(anonymous_20)
FNF:3
FNH:3
FNDA:1,(anonymous_18)
FNDA:2,ShowProfileService
FNDA:2,(anonymous_20)
DA:1,1
DA:3,1
DA:13,1
DA:15,2
DA:18,2
DA:19,2
DA:20,2
DA:21,1
DA:23,1
DA:25,1
LF:10
LH:10
BRDA:19,0,0,2
BRDA:20,1,0,1
BRDA:20,1,1,1
BRF:3
BRH:3
end_of_record
TN:
SF:src/modules/users/services/UpdateProfileService.ts
FN:18,(anonymous_18)
FN:19,UpdateProfileService
FN:24,(anonymous_20)
FNF:3
FNH:3
FNDA:1,(anonymous_18)
FNDA:5,UpdateProfileService
FNDA:5,(anonymous_20)
DA:1,1
DA:3,1
DA:18,1
DA:20,5
DA:21,5
DA:24,1
DA:25,5
DA:26,5
DA:27,5
DA:28,5
DA:29,5
DA:31,5
DA:32,5
DA:33,1
DA:36,4
DA:38,4
DA:39,1
DA:42,3
DA:43,3
DA:44,3
DA:45,0
DA:50,4
DA:51,2
DA:56,2
DA:57,1
DA:59,1
DA:61,2
DA:63,1
LF:28
LH:27
BRDA:31,0,0,5
BRDA:31,0,1,2
BRDA:32,1,0,1
BRDA:32,1,1,4
BRDA:38,2,0,1
BRDA:38,2,1,3
BRDA:38,3,0,4
BRDA:38,3,1,1
BRDA:44,4,0,0
BRDA:44,4,1,3
BRDA:44,5,0,3
BRDA:44,5,1,2
BRDA:50,6,0,1
BRDA:50,6,1,2
BRDA:50,7,0,3
BRDA:50,7,1,2
BRDA:56,8,0,1
BRDA:56,8,1,1
BRF:18
BRH:17
end_of_record
TN:
SF:src/modules/users/services/UpdateUserAvatarService.ts
FN:12,(anonymous_18)
FN:13,UpdateUserAvatarService
FN:18,(anonymous_20)
FNF:3
FNH:3
FNDA:1,(anonymous_18)
FNDA:3,UpdateUserAvatarService
FNDA:4,(anonymous_20)
DA:1,1
DA:2,1
DA:12,1
DA:14,3
DA:15,3
DA:18,4
DA:19,4
DA:21,4
DA:22,1
DA:25,5
DA:26,2
DA:29,3
DA:31,3
DA:32,6
DA:33,3
DA:35,1
LF:16
LH:16
BRDA:19,0,0,4
BRDA:19,0,1,3
BRDA:21,1,0,1
BRDA:21,1,1,3
BRDA:25,2,0,2
BRDA:25,2,1,1
BRF:6
BRH:6
end_of_record
